0 info it worked if it ends with ok
1 verbose cli [ '/usr/local/bin/node', '/usr/local/bin/npm', 'run', 'tag' ]
2 info using npm@3.10.10
3 info using node@v6.11.1
4 verbose run-script [ 'pretag', 'tag', 'posttag' ]
5 info lifecycle so-email@1.0.0~pretag: so-email@1.0.0
6 silly lifecycle so-email@1.0.0~pretag: no script for pretag, continuing
7 info lifecycle so-email@1.0.0~tag: so-email@1.0.0
8 verbose lifecycle so-email@1.0.0~tag: unsafe-perm in lifecycle true
9 verbose lifecycle so-email@1.0.0~tag: PATH: /usr/local/lib/node_modules/npm/bin/node-gyp-bin:/Users/lokalone/code/tech/protojs/node/email/node_modules/.bin:/usr/local/bin:/usr/bin:/bin:/usr/sbin:/sbin:/Users/lokalone/Downloads/phantomjs-2.1.1/bin:/Users/lokalone/.rvm/bin:/Users/lokalone/.rvm/bin
10 verbose lifecycle so-email@1.0.0~tag: CWD: /Users/lokalone/code/tech/protojs/node/email
11 silly lifecycle so-email@1.0.0~tag: Args: [ '-c', 'node lib/tag.js' ]
12 silly lifecycle so-email@1.0.0~tag: Returned: code: 1  signal: null
13 info lifecycle so-email@1.0.0~tag: Failed to exec tag script
14 verbose stack Error: so-email@1.0.0 tag: `node lib/tag.js`
14 verbose stack Exit status 1
14 verbose stack     at EventEmitter.<anonymous> (/usr/local/lib/node_modules/npm/lib/utils/lifecycle.js:255:16)
14 verbose stack     at emitTwo (events.js:106:13)
14 verbose stack     at EventEmitter.emit (events.js:191:7)
14 verbose stack     at ChildProcess.<anonymous> (/usr/local/lib/node_modules/npm/lib/utils/spawn.js:40:14)
14 verbose stack     at emitTwo (events.js:106:13)
14 verbose stack     at ChildProcess.emit (events.js:191:7)
14 verbose stack     at maybeClose (internal/child_process.js:891:16)
14 verbose stack     at Process.ChildProcess._handle.onexit (internal/child_process.js:226:5)
15 verbose pkgid so-email@1.0.0
16 verbose cwd /Users/lokalone/code/tech/protojs/node/email
17 error Darwin 16.7.0
18 error argv "/usr/local/bin/node" "/usr/local/bin/npm" "run" "tag"
19 error node v6.11.1
20 error npm  v3.10.10
21 error code ELIFECYCLE
22 error so-email@1.0.0 tag: `node lib/tag.js`
22 error Exit status 1
23 error Failed at the so-email@1.0.0 tag script 'node lib/tag.js'.
23 error Make sure you have the latest version of node.js and npm installed.
23 error If you do, this is most likely a problem with the so-email package,
23 error not with npm itself.
23 error Tell the author that this fails on your system:
23 error     node lib/tag.js
23 error You can get information on how to open an issue for this project with:
23 error     npm bugs so-email
23 error Or if that isn't available, you can get their info via:
23 error     npm owner ls so-email
23 error There is likely additional logging output above.
24 verbose exit [ 1, true ]
